Nov-17 16:28:26.320 [main] DEBUG nextflow.cli.Launcher - $> nextflow run main.nf
Nov-17 16:28:26.408 [main] INFO  nextflow.cli.CmdRun - N E X T F L O W  ~  version 23.10.0
Nov-17 16:28:26.423 [main] DEBUG nextflow.plugin.PluginsFacade - Setting up plugin manager > mode=prod; embedded=false; plugins-dir=/home/a2htray/.nextflow/plugins; core-plugins: nf-amazon@2.1.4,nf-azure@1.3.2,nf-cloudcache@0.3.0,nf-codecommit@0.1.5,nf-console@1.0.6,nf-ga4gh@1.1.0,nf-google@1.8.3,nf-tower@1.6.3,nf-wave@1.0.0
Nov-17 16:28:26.430 [main] INFO  o.pf4j.DefaultPluginStatusProvider - Enabled plugins: []
Nov-17 16:28:26.431 [main] INFO  o.pf4j.DefaultPluginStatusProvider - Disabled plugins: []
Nov-17 16:28:26.434 [main] INFO  org.pf4j.DefaultPluginManager - PF4J version 3.4.1 in 'deployment' mode
Nov-17 16:28:26.442 [main] INFO  org.pf4j.AbstractPluginManager - No plugins
Nov-17 16:28:26.516 [main] DEBUG nextflow.cli.CmdRun - Applied DSL=2 by global default
Nov-17 16:28:26.532 [main] INFO  nextflow.cli.CmdRun - Launching `main.nf` [pedantic_gutenberg] DSL2 - revision: 8660eb016e
Nov-17 16:28:26.533 [main] DEBUG nextflow.plugin.PluginsFacade - Plugins default=[]
Nov-17 16:28:26.533 [main] DEBUG nextflow.plugin.PluginsFacade - Plugins resolved requirement=[]
Nov-17 16:28:26.545 [main] DEBUG n.secret.LocalSecretsProvider - Secrets store: /home/a2htray/.nextflow/secrets/store.json
Nov-17 16:28:26.551 [main] DEBUG nextflow.secret.SecretsLoader - Discovered secrets providers: [nextflow.secret.LocalSecretsProvider@1869f114] - activable => nextflow.secret.LocalSecretsProvider@1869f114
Nov-17 16:28:26.604 [main] DEBUG nextflow.Session - Session UUID: d3964c15-a45a-45b3-8a34-e50fc5fa7bb1
Nov-17 16:28:26.604 [main] DEBUG nextflow.Session - Run name: pedantic_gutenberg
Nov-17 16:28:26.605 [main] DEBUG nextflow.Session - Executor pool size: 16
Nov-17 16:28:26.611 [main] DEBUG nextflow.file.FilePorter - File porter settings maxRetries=3; maxTransfers=50; pollTimeout=null
Nov-17 16:28:26.615 [main] DEBUG nextflow.util.ThreadPoolBuilder - Creating thread pool 'FileTransfer' minSize=10; maxSize=48; workQueue=LinkedBlockingQueue[10000]; allowCoreThreadTimeout=false
Nov-17 16:28:26.648 [main] DEBUG nextflow.cli.CmdRun - 
  Version: 23.10.0 build 5889
  Created: 15-10-2023 15:07 UTC (23:07 CDT)
  System: Linux 5.10.16.3-microsoft-standard-WSL2
  Runtime: Groovy 3.0.19 on OpenJDK 64-Bit Server VM 11.0.20.1+1-post-Ubuntu-0ubuntu120.04
  Encoding: UTF-8 (UTF-8)
  Process: 32367@RCNWHOR11435 [127.0.1.1]
  CPUs: 16 - Mem: 12.3 GB (8.6 GB) - Swap: 4 GB (4 GB)
Nov-17 16:28:26.672 [main] DEBUG nextflow.Session - Work-dir: /home/a2htray/tutorial-set/nextflow/04-do-not-use-bash/work [ext2/ext3]
Nov-17 16:28:26.673 [main] DEBUG nextflow.Session - Script base path does not exist or is not a directory: /home/a2htray/tutorial-set/nextflow/04-do-not-use-bash/bin
Nov-17 16:28:26.684 [main] DEBUG nextflow.executor.ExecutorFactory - Extension executors providers=[]
Nov-17 16:28:26.696 [main] DEBUG nextflow.Session - Observer factory: DefaultObserverFactory
Nov-17 16:28:26.717 [main] DEBUG nextflow.cache.CacheFactory - Using Nextflow cache factory: nextflow.cache.DefaultCacheFactory
Nov-17 16:28:26.724 [main] DEBUG nextflow.util.CustomThreadPool - Creating default thread pool > poolSize: 17; maxThreads: 1000
Nov-17 16:28:26.803 [main] DEBUG nextflow.Session - Session start
Nov-17 16:28:27.222 [main] DEBUG nextflow.script.ScriptRunner - > Launching execution
Nov-17 16:28:27.289 [main] DEBUG nextflow.executor.ExecutorFactory - << taskConfig executor: null
Nov-17 16:28:27.289 [main] DEBUG nextflow.executor.ExecutorFactory - >> processorType: 'local'
Nov-17 16:28:27.296 [main] DEBUG nextflow.executor.Executor - [warm up] executor > local
Nov-17 16:28:27.302 [main] DEBUG n.processor.LocalPollingMonitor - Creating local task monitor for executor 'local' > cpus=16; memory=12.3 GB; capacity=16; pollInterval=100ms; dumpInterval=5m
Nov-17 16:28:27.304 [main] DEBUG n.processor.TaskPollingMonitor - >>> barrier register (monitor: local)
Nov-17 16:28:27.436 [main] DEBUG nextflow.executor.ExecutorFactory - << taskConfig executor: null
Nov-17 16:28:27.436 [main] DEBUG nextflow.executor.ExecutorFactory - >> processorType: 'local'
Nov-17 16:28:27.439 [main] DEBUG nextflow.Session - Workflow process names [dsl2]: pythonTask, perlTask
Nov-17 16:28:27.439 [main] DEBUG nextflow.Session - Igniting dataflow network (2)
Nov-17 16:28:27.439 [main] DEBUG nextflow.processor.TaskProcessor - Starting process > pythonTask
Nov-17 16:28:27.440 [main] DEBUG nextflow.processor.TaskProcessor - Starting process > perlTask
Nov-17 16:28:27.441 [main] DEBUG nextflow.script.ScriptRunner - Parsed script files:
  Script_238e88ace492da2b: /home/a2htray/tutorial-set/nextflow/04-do-not-use-bash/main.nf
Nov-17 16:28:27.442 [main] DEBUG nextflow.script.ScriptRunner - > Awaiting termination 
Nov-17 16:28:27.442 [main] DEBUG nextflow.Session - Session await
Nov-17 16:28:27.597 [Task submitter] DEBUG n.executor.local.LocalTaskHandler - Launch cmd line: /bin/bash -ue .command.run
Nov-17 16:28:27.601 [Task submitter] INFO  nextflow.Session - [83/a79ef0] Submitted process > perlTask
Nov-17 16:28:27.607 [Task submitter] DEBUG n.executor.local.LocalTaskHandler - Launch cmd line: /bin/bash -ue .command.run
Nov-17 16:28:27.607 [Task submitter] INFO  nextflow.Session - [3a/f27647] Submitted process > pythonTask
Nov-17 16:28:27.631 [Task monitor] DEBUG n.processor.TaskPollingMonitor - Task completed > TaskHandler[id: 1; name: pythonTask; status: COMPLETED; exit: 0; error: -; workDir: /home/a2htray/tutorial-set/nextflow/04-do-not-use-bash/work/3a/f276474c771c47fc70980705c55701]
Nov-17 16:28:27.640 [Task monitor] DEBUG n.processor.TaskPollingMonitor - Task completed > TaskHandler[id: 2; name: perlTask; status: COMPLETED; exit: 0; error: -; workDir: /home/a2htray/tutorial-set/nextflow/04-do-not-use-bash/work/83/a79ef0a3f8ce2dfc9dbfb9aaafc162]
Nov-17 16:28:27.643 [main] DEBUG nextflow.Session - Session await > all processes finished
Nov-17 16:28:27.645 [Task monitor] DEBUG n.processor.TaskPollingMonitor - <<< barrier arrives (monitor: local) - terminating tasks monitor poll loop
Nov-17 16:28:27.645 [main] DEBUG nextflow.Session - Session await > all barriers passed
Nov-17 16:28:27.652 [main] DEBUG n.trace.WorkflowStatsObserver - Workflow completed > WorkflowStats[succeededCount=2; failedCount=0; ignoredCount=0; cachedCount=0; pendingCount=0; submittedCount=0; runningCount=0; retriesCount=0; abortedCount=0; succeedDuration=28ms; failedDuration=0ms; cachedDuration=0ms;loadCpus=0; loadMemory=0; peakRunning=2; peakCpus=2; peakMemory=0; ]
Nov-17 16:28:27.847 [main] DEBUG nextflow.cache.CacheDB - Closing CacheDB done
Nov-17 16:28:27.855 [main] DEBUG nextflow.util.ThreadPoolManager - Thread pool 'FileTransfer' shutdown completed (hard=false)
Nov-17 16:28:27.855 [main] DEBUG nextflow.script.ScriptRunner - > Execution complete -- Goodbye
